{
  "/home/runner/work/itunes-music-app-next/itunes-music-app-next/.prettierrc.js": {
    "path": "/home/runner/work/itunes-music-app-next/itunes-music-app-next/.prettierrc.js",
    "statementMap": {
      "0": { "start": { "line": 1, "column": 0 }, "end": { "line": 1, "column": null } }
    },
    "fnMap": {},
    "branchMap": {},
    "s": { "0": 0 },
    "f": {},
    "b": {}
  },
  "/home/runner/work/itunes-music-app-next/itunes-music-app-next/app/layout.tsx": {
    "path": "/home/runner/work/itunes-music-app-next/itunes-music-app-next/app/layout.tsx",
    "statementMap": {
      "0": { "start": { "line": 10, "column": 24 }, "end": { "line": 10, "column": 35 } },
      "1": { "start": { "line": 5, "column": 13 }, "end": { "line": 5, "column": 21 } },
      "2": { "start": { "line": 2, "column": 22 }, "end": { "line": 2, "column": null } },
      "3": { "start": { "line": 3, "column": 7 }, "end": { "line": 3, "column": null } },
      "4": { "start": { "line": 5, "column": 34 }, "end": { "line": 8, "column": null } }
    },
    "fnMap": {
      "0": {
        "name": "RootLayout",
        "decl": { "start": { "line": 10, "column": 24 }, "end": { "line": 10, "column": 35 } },
        "loc": { "start": { "line": 14, "column": 1 }, "end": { "line": 22, "column": 1 } }
      }
    },
    "branchMap": {},
    "s": { "0": 0, "1": 0, "2": 0, "3": 0, "4": 0 },
    "f": { "0": 0 },
    "b": {}
  },
  "/home/runner/work/itunes-music-app-next/itunes-music-app-next/app/page.tsx": {
    "path": "/home/runner/work/itunes-music-app-next/itunes-music-app-next/app/page.tsx",
    "statementMap": {
      "0": { "start": { "line": 16, "column": 24 }, "end": { "line": 16, "column": null } },
      "1": { "start": { "line": 3, "column": 18 }, "end": { "line": 3, "column": null } },
      "2": { "start": { "line": 4, "column": 23 }, "end": { "line": 4, "column": null } },
      "3": { "start": { "line": 5, "column": 24 }, "end": { "line": 5, "column": null } },
      "4": { "start": { "line": 6, "column": 31 }, "end": { "line": 6, "column": null } },
      "5": { "start": { "line": 11, "column": 7 }, "end": { "line": 11, "column": null } },
      "6": { "start": { "line": 12, "column": 27 }, "end": { "line": 12, "column": null } },
      "7": { "start": { "line": 13, "column": 25 }, "end": { "line": 13, "column": null } },
      "8": { "start": { "line": 14, "column": 23 }, "end": { "line": 14, "column": null } },
      "9": { "start": { "line": 17, "column": 18 }, "end": { "line": 17, "column": null } },
      "10": { "start": { "line": 18, "column": 18 }, "end": { "line": 18, "column": null } },
      "11": { "start": { "line": 19, "column": 16 }, "end": { "line": 19, "column": null } }
    },
    "fnMap": {
      "0": {
        "name": "Home",
        "decl": { "start": { "line": 16, "column": 24 }, "end": { "line": 16, "column": null } },
        "loc": { "start": { "line": 16, "column": 24 }, "end": { "line": 46, "column": null } }
      }
    },
    "branchMap": {
      "0": {
        "loc": { "start": { "line": 38, "column": 11 }, "end": { "line": 38, "column": null } },
        "type": "binary-expr",
        "locations": [
          { "start": { "line": 38, "column": 11 }, "end": { "line": 38, "column": 22 } },
          { "start": { "line": 38, "column": 22 }, "end": { "line": 38, "column": null } }
        ]
      },
      "1": {
        "loc": { "start": { "line": 39, "column": 11 }, "end": { "line": 39, "column": 20 } },
        "type": "binary-expr",
        "locations": [
          { "start": { "line": 39, "column": 11 }, "end": { "line": 39, "column": 20 } }
        ]
      },
      "2": {
        "loc": { "start": { "line": 40, "column": 11 }, "end": { "line": 40, "column": null } },
        "type": "binary-expr",
        "locations": [
          { "start": { "line": 40, "column": 11 }, "end": { "line": 40, "column": 23 } },
          { "start": { "line": 40, "column": 23 }, "end": { "line": 40, "column": 33 } },
          { "start": { "line": 40, "column": 33 }, "end": { "line": 40, "column": 57 } },
          { "start": { "line": 40, "column": 57 }, "end": { "line": 40, "column": null } }
        ]
      },
      "3": {
        "loc": { "start": { "line": 41, "column": 11 }, "end": { "line": 41, "column": null } },
        "type": "binary-expr",
        "locations": [
          { "start": { "line": 41, "column": 11 }, "end": { "line": 41, "column": 23 } },
          { "start": { "line": 41, "column": 23 }, "end": { "line": 41, "column": 33 } },
          { "start": { "line": 41, "column": 33 }, "end": { "line": 41, "column": 55 } },
          { "start": { "line": 41, "column": 55 }, "end": { "line": 41, "column": null } }
        ]
      }
    },
    "s": {
      "0": 0,
      "1": 0,
      "2": 0,
      "3": 0,
      "4": 0,
      "5": 0,
      "6": 0,
      "7": 0,
      "8": 0,
      "9": 0,
      "10": 0,
      "11": 0
    },
    "f": { "0": 0 },
    "b": { "0": [0, 0], "1": [0], "2": [0, 0, 0, 0], "3": [0, 0, 0, 0] }
  },
  "/home/runner/work/itunes-music-app-next/itunes-music-app-next/app/providers.tsx": {
    "path": "/home/runner/work/itunes-music-app-next/itunes-music-app-next/app/providers.tsx",
    "statementMap": {
      "0": { "start": { "line": 6, "column": 24 }, "end": { "line": 6, "column": 34 } },
      "1": { "start": { "line": 3, "column": 25 }, "end": { "line": 3, "column": null } },
      "2": { "start": { "line": 4, "column": 22 }, "end": { "line": 4, "column": null } }
    },
    "fnMap": {
      "0": {
        "name": "Providers",
        "decl": { "start": { "line": 6, "column": 24 }, "end": { "line": 6, "column": 34 } },
        "loc": { "start": { "line": 6, "column": 77 }, "end": { "line": 8, "column": null } }
      }
    },
    "branchMap": {},
    "s": { "0": 0, "1": 0, "2": 0 },
    "f": { "0": 0 },
    "b": {}
  },
  "/home/runner/work/itunes-music-app-next/itunes-music-app-next/app/api/itunes/route.ts": {
    "path": "/home/runner/work/itunes-music-app-next/itunes-music-app-next/app/api/itunes/route.ts",
    "statementMap": {
      "0": { "start": { "line": 3, "column": 22 }, "end": { "line": 3, "column": 26 } },
      "1": { "start": { "line": 1, "column": 42 }, "end": { "line": 1, "column": null } },
      "2": { "start": { "line": 4, "column": 25 }, "end": { "line": 4, "column": 53 } },
      "3": { "start": { "line": 5, "column": 17 }, "end": { "line": 5, "column": null } },
      "4": { "start": { "line": 6, "column": 19 }, "end": { "line": 6, "column": null } },
      "5": { "start": { "line": 7, "column": 18 }, "end": { "line": 7, "column": null } },
      "6": { "start": { "line": 9, "column": 4 }, "end": { "line": 16, "column": null } },
      "7": { "start": { "line": 10, "column": 8 }, "end": { "line": 14, "column": null } },
      "8": { "start": { "line": 18, "column": 4 }, "end": { "line": 37, "column": null } },
      "9": { "start": { "line": 19, "column": 25 }, "end": { "line": 20, "column": null } },
      "10": { "start": { "line": 23, "column": 8 }, "end": { "line": 25, "column": null } },
      "11": { "start": { "line": 24, "column": 12 }, "end": { "line": 24, "column": null } },
      "12": { "start": { "line": 27, "column": 21 }, "end": { "line": 27, "column": null } },
      "13": { "start": { "line": 28, "column": 8 }, "end": { "line": 28, "column": null } },
      "14": { "start": { "line": 30, "column": 8 }, "end": { "line": 30, "column": null } },
      "15": { "start": { "line": 31, "column": 8 }, "end": { "line": 35, "column": null } }
    },
    "fnMap": {
      "0": {
        "name": "GET",
        "decl": { "start": { "line": 3, "column": 22 }, "end": { "line": 3, "column": 26 } },
        "loc": { "start": { "line": 3, "column": 46 }, "end": { "line": 38, "column": null } }
      }
    },
    "branchMap": {
      "0": {
        "loc": { "start": { "line": 6, "column": 19 }, "end": { "line": 6, "column": null } },
        "type": "binary-expr",
        "locations": [
          { "start": { "line": 6, "column": 19 }, "end": { "line": 6, "column": 49 } },
          { "start": { "line": 6, "column": 49 }, "end": { "line": 6, "column": null } }
        ]
      },
      "1": {
        "loc": { "start": { "line": 7, "column": 18 }, "end": { "line": 7, "column": null } },
        "type": "binary-expr",
        "locations": [
          { "start": { "line": 7, "column": 18 }, "end": { "line": 7, "column": 47 } },
          { "start": { "line": 7, "column": 47 }, "end": { "line": 7, "column": null } }
        ]
      },
      "2": {
        "loc": { "start": { "line": 9, "column": 4 }, "end": { "line": 16, "column": null } },
        "type": "if",
        "locations": [
          { "start": { "line": 9, "column": 4 }, "end": { "line": 16, "column": null } }
        ]
      },
      "3": {
        "loc": { "start": { "line": 23, "column": 8 }, "end": { "line": 25, "column": null } },
        "type": "if",
        "locations": [
          { "start": { "line": 23, "column": 8 }, "end": { "line": 25, "column": null } }
        ]
      }
    },
    "s": {
      "0": 0,
      "1": 0,
      "2": 0,
      "3": 0,
      "4": 0,
      "5": 0,
      "6": 0,
      "7": 0,
      "8": 0,
      "9": 0,
      "10": 0,
      "11": 0,
      "12": 0,
      "13": 0,
      "14": 0,
      "15": 0
    },
    "f": { "0": 0 },
    "b": { "0": [0, 0], "1": [0, 0], "2": [0], "3": [0] }
  },
  "/home/runner/work/itunes-music-app-next/itunes-music-app-next/app/api/search/route.ts": {
    "path": "/home/runner/work/itunes-music-app-next/itunes-music-app-next/app/api/search/route.ts",
    "statementMap": {
      "0": { "start": { "line": 3, "column": 22 }, "end": { "line": 3, "column": 26 } },
      "1": { "start": { "line": 1, "column": 42 }, "end": { "line": 1, "column": null } },
      "2": { "start": { "line": 4, "column": 25 }, "end": { "line": 4, "column": 53 } },
      "3": { "start": { "line": 5, "column": 17 }, "end": { "line": 5, "column": null } },
      "4": { "start": { "line": 6, "column": 19 }, "end": { "line": 6, "column": null } },
      "5": { "start": { "line": 7, "column": 18 }, "end": { "line": 7, "column": null } },
      "6": { "start": { "line": 9, "column": 4 }, "end": { "line": 14, "column": null } },
      "7": { "start": { "line": 10, "column": 8 }, "end": { "line": 12, "column": null } },
      "8": { "start": { "line": 16, "column": 4 }, "end": { "line": 45, "column": null } },
      "9": { "start": { "line": 18, "column": 27 }, "end": { "line": 18, "column": null } },
      "10": { "start": { "line": 19, "column": 20 }, "end": { "line": 19, "column": 118 } },
      "11": { "start": { "line": 21, "column": 25 }, "end": { "line": 25, "column": null } },
      "12": { "start": { "line": 27, "column": 8 }, "end": { "line": 31, "column": null } },
      "13": { "start": { "line": 28, "column": 25 }, "end": { "line": 28, "column": null } },
      "14": { "start": { "line": 29, "column": 12 }, "end": { "line": 29, "column": null } },
      "15": { "start": { "line": 30, "column": 12 }, "end": { "line": 30, "column": null } },
      "16": { "start": { "line": 33, "column": 21 }, "end": { "line": 33, "column": null } },
      "17": { "start": { "line": 34, "column": 24 }, "end": { "line": 34, "column": null } },
      "18": { "start": { "line": 35, "column": 8 }, "end": { "line": 35, "column": null } },
      "19": { "start": { "line": 36, "column": 8 }, "end": { "line": 36, "column": null } },
      "20": { "start": { "line": 39, "column": 25 }, "end": { "line": 39, "column": null } },
      "21": { "start": { "line": 40, "column": 8 }, "end": { "line": 40, "column": null } },
      "22": { "start": { "line": 41, "column": 8 }, "end": { "line": 43, "column": null } }
    },
    "fnMap": {
      "0": {
        "name": "GET",
        "decl": { "start": { "line": 3, "column": 22 }, "end": { "line": 3, "column": 26 } },
        "loc": { "start": { "line": 3, "column": 46 }, "end": { "line": 46, "column": null } }
      }
    },
    "branchMap": {
      "0": {
        "loc": { "start": { "line": 6, "column": 28 }, "end": { "line": 6, "column": 63 } },
        "type": "binary-expr",
        "locations": [
          { "start": { "line": 6, "column": 28 }, "end": { "line": 6, "column": 58 } },
          { "start": { "line": 6, "column": 58 }, "end": { "line": 6, "column": 63 } }
        ]
      },
      "1": {
        "loc": { "start": { "line": 7, "column": 27 }, "end": { "line": 7, "column": 62 } },
        "type": "binary-expr",
        "locations": [
          { "start": { "line": 7, "column": 27 }, "end": { "line": 7, "column": 56 } },
          { "start": { "line": 7, "column": 56 }, "end": { "line": 7, "column": 62 } }
        ]
      },
      "2": {
        "loc": { "start": { "line": 9, "column": 4 }, "end": { "line": 14, "column": null } },
        "type": "if",
        "locations": [
          { "start": { "line": 9, "column": 4 }, "end": { "line": 14, "column": null } }
        ]
      },
      "3": {
        "loc": { "start": { "line": 27, "column": 8 }, "end": { "line": 31, "column": null } },
        "type": "if",
        "locations": [
          { "start": { "line": 27, "column": 8 }, "end": { "line": 31, "column": null } }
        ]
      },
      "4": {
        "loc": { "start": { "line": 34, "column": 25 }, "end": { "line": 34, "column": 42 } },
        "type": "binary-expr",
        "locations": [
          { "start": { "line": 34, "column": 25 }, "end": { "line": 34, "column": 37 } },
          { "start": { "line": 34, "column": 41 }, "end": { "line": 34, "column": 42 } }
        ]
      },
      "5": {
        "loc": { "start": { "line": 39, "column": 25 }, "end": { "line": 39, "column": null } },
        "type": "cond-expr",
        "locations": [
          { "start": { "line": 39, "column": 50 }, "end": { "line": 39, "column": 63 } },
          { "start": { "line": 39, "column": 66 }, "end": { "line": 39, "column": null } }
        ]
      }
    },
    "s": {
      "0": 0,
      "1": 0,
      "2": 0,
      "3": 0,
      "4": 0,
      "5": 0,
      "6": 0,
      "7": 0,
      "8": 0,
      "9": 0,
      "10": 0,
      "11": 0,
      "12": 0,
      "13": 0,
      "14": 0,
      "15": 0,
      "16": 0,
      "17": 0,
      "18": 0,
      "19": 0,
      "20": 0,
      "21": 0,
      "22": 0
    },
    "f": { "0": 0 },
    "b": { "0": [0, 0], "1": [0, 0], "2": [0], "3": [0], "4": [0, 0], "5": [0, 0] }
  },
  "/home/runner/work/itunes-music-app-next/itunes-music-app-next/components/EmptyState.tsx": {
    "path": "/home/runner/work/itunes-music-app-next/itunes-music-app-next/components/EmptyState.tsx",
    "statementMap": {
      "0": { "start": { "line": 30, "column": 0 }, "end": { "line": 30, "column": 15 } },
      "1": { "start": { "line": 3, "column": 18 }, "end": { "line": 3, "column": null } },
      "2": { "start": { "line": 5, "column": 29 }, "end": { "line": 28, "column": null } },
      "3": { "start": { "line": 30, "column": 15 }, "end": { "line": 30, "column": null } }
    },
    "fnMap": {
      "0": {
        "name": "(anonymous_2)",
        "decl": { "start": { "line": 5, "column": 29 }, "end": { "line": 5, "column": null } },
        "loc": { "start": { "line": 5, "column": 29 }, "end": { "line": 28, "column": null } }
      }
    },
    "branchMap": {},
    "s": { "0": 2, "1": 1, "2": 1, "3": 1 },
    "f": { "0": 2 },
    "b": {}
  },
  "/home/runner/work/itunes-music-app-next/itunes-music-app-next/components/ErrorMessage.tsx": {
    "path": "/home/runner/work/itunes-music-app-next/itunes-music-app-next/components/ErrorMessage.tsx",
    "statementMap": {
      "0": { "start": { "line": 35, "column": 0 }, "end": { "line": 35, "column": 15 } },
      "1": { "start": { "line": 3, "column": 18 }, "end": { "line": 3, "column": null } },
      "2": { "start": { "line": 9, "column": 50 }, "end": { "line": 33, "column": null } },
      "3": { "start": { "line": 35, "column": 15 }, "end": { "line": 35, "column": null } }
    },
    "fnMap": {
      "0": {
        "name": "(anonymous_2)",
        "decl": { "start": { "line": 9, "column": 50 }, "end": { "line": 9, "column": 51 } },
        "loc": { "start": { "line": 9, "column": 62 }, "end": { "line": 33, "column": null } }
      }
    },
    "branchMap": {},
    "s": { "0": 2, "1": 1, "2": 1, "3": 1 },
    "f": { "0": 2 },
    "b": {}
  },
  "/home/runner/work/itunes-music-app-next/itunes-music-app-next/components/InfiniteScrollLoader.tsx": {
    "path": "/home/runner/work/itunes-music-app-next/itunes-music-app-next/components/InfiniteScrollLoader.tsx",
    "statementMap": {
      "0": { "start": { "line": 32, "column": 0 }, "end": { "line": 32, "column": 15 } },
      "1": { "start": { "line": 3, "column": 18 }, "end": { "line": 3, "column": null } },
      "2": { "start": { "line": 10, "column": 29 }, "end": { "line": 27, "column": null } },
      "3": { "start": { "line": 12, "column": 4 }, "end": { "line": 12, "column": null } },
      "4": { "start": { "line": 12, "column": 30 }, "end": { "line": 12, "column": null } },
      "5": { "start": { "line": 30, "column": 0 }, "end": { "line": 30, "column": null } },
      "6": { "start": { "line": 32, "column": 15 }, "end": { "line": 32, "column": null } }
    },
    "fnMap": {
      "0": {
        "name": "(anonymous_2)",
        "decl": { "start": { "line": 11, "column": 2 }, "end": { "line": 11, "column": 3 } },
        "loc": { "start": { "line": 11, "column": 25 }, "end": { "line": 27, "column": null } }
      }
    },
    "branchMap": {
      "0": {
        "loc": { "start": { "line": 12, "column": 4 }, "end": { "line": 12, "column": null } },
        "type": "if",
        "locations": [
          { "start": { "line": 12, "column": 4 }, "end": { "line": 12, "column": null } }
        ]
      },
      "1": {
        "loc": { "start": { "line": 12, "column": 8 }, "end": { "line": 12, "column": 30 } },
        "type": "binary-expr",
        "locations": [
          { "start": { "line": 12, "column": 8 }, "end": { "line": 12, "column": 20 } },
          { "start": { "line": 12, "column": 20 }, "end": { "line": 12, "column": 30 } }
        ]
      },
      "2": {
        "loc": { "start": { "line": 16, "column": 9 }, "end": { "line": 16, "column": null } },
        "type": "binary-expr",
        "locations": [
          { "start": { "line": 16, "column": 9 }, "end": { "line": 16, "column": null } }
        ]
      }
    },
    "s": { "0": 0, "1": 0, "2": 0, "3": 0, "4": 0, "5": 0, "6": 0 },
    "f": { "0": 0 },
    "b": { "0": [0], "1": [0, 0], "2": [0] }
  },
  "/home/runner/work/itunes-music-app-next/itunes-music-app-next/components/LoadingSpinner.tsx": {
    "path": "/home/runner/work/itunes-music-app-next/itunes-music-app-next/components/LoadingSpinner.tsx",
    "statementMap": {
      "0": { "start": { "line": 13, "column": 0 }, "end": { "line": 13, "column": 15 } },
      "1": { "start": { "line": 3, "column": 18 }, "end": { "line": 3, "column": null } },
      "2": { "start": { "line": 5, "column": 33 }, "end": { "line": 11, "column": null } },
      "3": { "start": { "line": 13, "column": 15 }, "end": { "line": 13, "column": null } }
    },
    "fnMap": {
      "0": {
        "name": "(anonymous_2)",
        "decl": { "start": { "line": 5, "column": 33 }, "end": { "line": 5, "column": null } },
        "loc": { "start": { "line": 5, "column": 33 }, "end": { "line": 11, "column": null } }
      }
    },
    "branchMap": {},
    "s": { "0": 0, "1": 0, "2": 0, "3": 0 },
    "f": { "0": 0 },
    "b": {}
  },
  "/home/runner/work/itunes-music-app-next/itunes-music-app-next/components/ResultCard.tsx": {
    "path": "/home/runner/work/itunes-music-app-next/itunes-music-app-next/components/ResultCard.tsx",
    "statementMap": {
      "0": { "start": { "line": 43, "column": 0 }, "end": { "line": 43, "column": 15 } },
      "1": { "start": { "line": 3, "column": 18 }, "end": { "line": 3, "column": null } },
      "2": { "start": { "line": 4, "column": 7 }, "end": { "line": 4, "column": null } },
      "3": { "start": { "line": 17, "column": 46 }, "end": { "line": 41, "column": null } },
      "4": { "start": { "line": 18, "column": 16 }, "end": { "line": 18, "column": 59 } },
      "5": { "start": { "line": 43, "column": 15 }, "end": { "line": 43, "column": null } }
    },
    "fnMap": {
      "0": {
        "name": "(anonymous_2)",
        "decl": { "start": { "line": 17, "column": 46 }, "end": { "line": 17, "column": 47 } },
        "loc": { "start": { "line": 17, "column": 57 }, "end": { "line": 41, "column": null } }
      }
    },
    "branchMap": {
      "0": {
        "loc": { "start": { "line": 18, "column": 16 }, "end": { "line": 18, "column": 59 } },
        "type": "binary-expr",
        "locations": [
          { "start": { "line": 18, "column": 16 }, "end": { "line": 18, "column": 33 } },
          { "start": { "line": 18, "column": 37 }, "end": { "line": 18, "column": 59 } }
        ]
      },
      "1": {
        "loc": { "start": { "line": 22, "column": 7 }, "end": { "line": 22, "column": 27 } },
        "type": "binary-expr",
        "locations": [{ "start": { "line": 22, "column": 7 }, "end": { "line": 22, "column": 27 } }]
      },
      "2": {
        "loc": { "start": { "line": 25, "column": 15 }, "end": { "line": 25, "column": null } },
        "type": "binary-expr",
        "locations": [
          { "start": { "line": 25, "column": 15 }, "end": { "line": 25, "column": 31 } },
          { "start": { "line": 25, "column": 35 }, "end": { "line": 25, "column": null } }
        ]
      },
      "3": {
        "loc": { "start": { "line": 29, "column": 7 }, "end": { "line": 29, "column": 23 } },
        "type": "binary-expr",
        "locations": [{ "start": { "line": 29, "column": 7 }, "end": { "line": 29, "column": 23 } }]
      },
      "4": {
        "loc": { "start": { "line": 32, "column": 7 }, "end": { "line": 32, "column": 24 } },
        "type": "binary-expr",
        "locations": [{ "start": { "line": 32, "column": 7 }, "end": { "line": 32, "column": 24 } }]
      },
      "5": {
        "loc": { "start": { "line": 35, "column": 7 }, "end": { "line": 35, "column": 28 } },
        "type": "binary-expr",
        "locations": [{ "start": { "line": 35, "column": 7 }, "end": { "line": 35, "column": 28 } }]
      },
      "6": {
        "loc": { "start": { "line": 38, "column": 7 }, "end": { "line": 38, "column": 16 } },
        "type": "binary-expr",
        "locations": [{ "start": { "line": 38, "column": 7 }, "end": { "line": 38, "column": 16 } }]
      }
    },
    "s": { "0": 0, "1": 0, "2": 0, "3": 0, "4": 0, "5": 0 },
    "f": { "0": 0 },
    "b": { "0": [0, 0], "1": [0], "2": [0, 0], "3": [0], "4": [0], "5": [0], "6": [0] }
  },
  "/home/runner/work/itunes-music-app-next/itunes-music-app-next/components/ResultsList.tsx": {
    "path": "/home/runner/work/itunes-music-app-next/itunes-music-app-next/components/ResultsList.tsx",
    "statementMap": {
      "0": { "start": { "line": 17, "column": 24 }, "end": { "line": 17, "column": null } },
      "1": { "start": { "line": 3, "column": 35 }, "end": { "line": 3, "column": null } },
      "2": { "start": { "line": 4, "column": 47 }, "end": { "line": 4, "column": null } },
      "3": { "start": { "line": 12, "column": 7 }, "end": { "line": 12, "column": null } },
      "4": { "start": { "line": 13, "column": 23 }, "end": { "line": 13, "column": null } },
      "5": { "start": { "line": 14, "column": 33 }, "end": { "line": 14, "column": null } },
      "6": { "start": { "line": 15, "column": 34 }, "end": { "line": 15, "column": null } },
      "7": { "start": { "line": 18, "column": 19 }, "end": { "line": 18, "column": null } },
      "8": { "start": { "line": 19, "column": 18 }, "end": { "line": 19, "column": null } },
      "9": { "start": { "line": 20, "column": 18 }, "end": { "line": 20, "column": null } },
      "10": { "start": { "line": 21, "column": 18 }, "end": { "line": 21, "column": null } },
      "11": { "start": { "line": 22, "column": 16 }, "end": { "line": 22, "column": null } },
      "12": { "start": { "line": 23, "column": 17 }, "end": { "line": 23, "column": null } },
      "13": { "start": { "line": 25, "column": 25 }, "end": { "line": 29, "column": null } },
      "14": { "start": { "line": 26, "column": 4 }, "end": { "line": 28, "column": null } },
      "15": { "start": { "line": 27, "column": 6 }, "end": { "line": 27, "column": null } },
      "16": { "start": { "line": 31, "column": 20 }, "end": { "line": 35, "column": null } },
      "17": { "start": { "line": 41, "column": 10 }, "end": { "line": 42, "column": null } }
    },
    "fnMap": {
      "0": {
        "name": "ResultsList",
        "decl": { "start": { "line": 17, "column": 24 }, "end": { "line": 17, "column": null } },
        "loc": { "start": { "line": 17, "column": 24 }, "end": { "line": 50, "column": null } }
      },
      "1": {
        "name": "(anonymous_6)",
        "decl": { "start": { "line": 25, "column": 37 }, "end": { "line": 25, "column": null } },
        "loc": { "start": { "line": 25, "column": 37 }, "end": { "line": 29, "column": 5 } }
      },
      "2": {
        "name": "(anonymous_7)",
        "decl": { "start": { "line": 40, "column": 21 }, "end": { "line": 40, "column": 22 } },
        "loc": { "start": { "line": 41, "column": 10 }, "end": { "line": 42, "column": null } }
      }
    },
    "branchMap": {
      "0": {
        "loc": { "start": { "line": 26, "column": 4 }, "end": { "line": 28, "column": null } },
        "type": "if",
        "locations": [
          { "start": { "line": 26, "column": 4 }, "end": { "line": 28, "column": null } }
        ]
      },
      "1": {
        "loc": { "start": { "line": 26, "column": 8 }, "end": { "line": 26, "column": 38 } },
        "type": "binary-expr",
        "locations": [
          { "start": { "line": 26, "column": 8 }, "end": { "line": 26, "column": 17 } },
          { "start": { "line": 26, "column": 17 }, "end": { "line": 26, "column": 29 } },
          { "start": { "line": 26, "column": 29 }, "end": { "line": 26, "column": 38 } }
        ]
      },
      "2": {
        "loc": { "start": { "line": 42, "column": 17 }, "end": { "line": 42, "column": 109 } },
        "type": "binary-expr",
        "locations": [
          { "start": { "line": 42, "column": 17 }, "end": { "line": 42, "column": 31 } },
          { "start": { "line": 42, "column": 35 }, "end": { "line": 42, "column": 54 } },
          { "start": { "line": 42, "column": 58 }, "end": { "line": 42, "column": 109 } }
        ]
      }
    },
    "s": {
      "0": 0,
      "1": 0,
      "2": 0,
      "3": 0,
      "4": 0,
      "5": 0,
      "6": 0,
      "7": 0,
      "8": 0,
      "9": 0,
      "10": 0,
      "11": 0,
      "12": 0,
      "13": 0,
      "14": 0,
      "15": 0,
      "16": 0,
      "17": 0
    },
    "f": { "0": 0, "1": 0, "2": 0 },
    "b": { "0": [0], "1": [0, 0, 0], "2": [0, 0, 0] }
  },
  "/home/runner/work/itunes-music-app-next/itunes-music-app-next/components/SearchForm.tsx": {
    "path": "/home/runner/work/itunes-music-app-next/itunes-music-app-next/components/SearchForm.tsx",
    "statementMap": {
      "0": { "start": { "line": 11, "column": 24 }, "end": { "line": 11, "column": 35 } },
      "1": { "start": { "line": 3, "column": 32 }, "end": { "line": 3, "column": null } },
      "2": { "start": { "line": 4, "column": 31 }, "end": { "line": 4, "column": null } },
      "3": { "start": { "line": 5, "column": 35 }, "end": { "line": 5, "column": null } },
      "4": { "start": { "line": 12, "column": 28 }, "end": { "line": 12, "column": null } },
      "5": { "start": { "line": 13, "column": 19 }, "end": { "line": 13, "column": null } },
      "6": { "start": { "line": 15, "column": 23 }, "end": { "line": 21, "column": null } },
      "7": { "start": { "line": 16, "column": 4 }, "end": { "line": 16, "column": null } },
      "8": { "start": { "line": 17, "column": 4 }, "end": { "line": 20, "column": null } },
      "9": { "start": { "line": 18, "column": 6 }, "end": { "line": 18, "column": null } },
      "10": { "start": { "line": 19, "column": 6 }, "end": { "line": 19, "column": null } },
      "11": { "start": { "line": 29, "column": 27 }, "end": { "line": 29, "column": null } }
    },
    "fnMap": {
      "0": {
        "name": "SearchForm",
        "decl": { "start": { "line": 11, "column": 24 }, "end": { "line": 11, "column": 35 } },
        "loc": { "start": { "line": 11, "column": 69 }, "end": { "line": 42, "column": null } }
      },
      "1": {
        "name": "(anonymous_5)",
        "decl": { "start": { "line": 15, "column": 23 }, "end": { "line": 15, "column": 24 } },
        "loc": { "start": { "line": 15, "column": 24 }, "end": { "line": 21, "column": null } }
      },
      "2": {
        "name": "(anonymous_6)",
        "decl": { "start": { "line": 29, "column": 20 }, "end": { "line": 29, "column": 21 } },
        "loc": { "start": { "line": 29, "column": 27 }, "end": { "line": 29, "column": null } }
      }
    },
    "branchMap": {
      "0": {
        "loc": { "start": { "line": 11, "column": 35 }, "end": { "line": 11, "column": 69 } },
        "type": "default-arg",
        "locations": [
          { "start": { "line": 11, "column": 67 }, "end": { "line": 11, "column": 69 } }
        ]
      },
      "1": {
        "loc": { "start": { "line": 17, "column": 4 }, "end": { "line": 20, "column": null } },
        "type": "if",
        "locations": [
          { "start": { "line": 17, "column": 4 }, "end": { "line": 20, "column": null } }
        ]
      }
    },
    "s": {
      "0": 3,
      "1": 1,
      "2": 1,
      "3": 1,
      "4": 5,
      "5": 5,
      "6": 5,
      "7": 1,
      "8": 1,
      "9": 1,
      "10": 1,
      "11": 2
    },
    "f": { "0": 5, "1": 1, "2": 2 },
    "b": { "0": [0], "1": [1] }
  },
  "/home/runner/work/itunes-music-app-next/itunes-music-app-next/hooks/useInfiniteScroll.ts": {
    "path": "/home/runner/work/itunes-music-app-next/itunes-music-app-next/hooks/useInfiniteScroll.ts",
    "statementMap": {
      "0": { "start": { "line": 9, "column": 16 }, "end": { "line": 9, "column": 34 } },
      "1": { "start": { "line": 1, "column": 47 }, "end": { "line": 1, "column": null } },
      "2": { "start": { "line": 10, "column": 20 }, "end": { "line": 10, "column": null } },
      "3": { "start": { "line": 12, "column": 25 }, "end": { "line": 19, "column": null } },
      "4": { "start": { "line": 14, "column": 22 }, "end": { "line": 14, "column": null } },
      "5": { "start": { "line": 15, "column": 6 }, "end": { "line": 17, "column": null } },
      "6": { "start": { "line": 16, "column": 8 }, "end": { "line": 16, "column": null } },
      "7": { "start": { "line": 22, "column": 2 }, "end": { "line": 30, "column": null } },
      "8": { "start": { "line": 23, "column": 20 }, "end": { "line": 23, "column": 37 } },
      "9": { "start": { "line": 24, "column": 4 }, "end": { "line": 24, "column": null } },
      "10": { "start": { "line": 24, "column": 18 }, "end": { "line": 24, "column": null } },
      "11": { "start": { "line": 26, "column": 21 }, "end": { "line": 26, "column": null } },
      "12": { "start": { "line": 27, "column": 4 }, "end": { "line": 27, "column": null } },
      "13": { "start": { "line": 29, "column": 4 }, "end": { "line": 29, "column": null } },
      "14": { "start": { "line": 29, "column": 17 }, "end": { "line": 29, "column": null } },
      "15": { "start": { "line": 32, "column": 2 }, "end": { "line": 32, "column": null } }
    },
    "fnMap": {
      "0": {
        "name": "useInfiniteScroll",
        "decl": { "start": { "line": 9, "column": 16 }, "end": { "line": 9, "column": 34 } },
        "loc": { "start": { "line": 9, "column": 92 }, "end": { "line": 33, "column": null } }
      },
      "1": {
        "name": "(anonymous_2)",
        "decl": { "start": { "line": 13, "column": 4 }, "end": { "line": 13, "column": 5 } },
        "loc": { "start": { "line": 13, "column": 5 }, "end": { "line": 18, "column": null } }
      },
      "2": {
        "name": "(anonymous_3)",
        "decl": { "start": { "line": 22, "column": 12 }, "end": { "line": 22, "column": null } },
        "loc": { "start": { "line": 22, "column": 12 }, "end": { "line": 30, "column": 5 } }
      },
      "3": {
        "name": "(anonymous_4)",
        "decl": { "start": { "line": 29, "column": 11 }, "end": { "line": 29, "column": 17 } },
        "loc": { "start": { "line": 29, "column": 17 }, "end": { "line": 29, "column": null } }
      }
    },
    "branchMap": {
      "0": {
        "loc": { "start": { "line": 15, "column": 6 }, "end": { "line": 17, "column": null } },
        "type": "if",
        "locations": [
          { "start": { "line": 15, "column": 6 }, "end": { "line": 17, "column": null } }
        ]
      },
      "1": {
        "loc": { "start": { "line": 15, "column": 10 }, "end": { "line": 15, "column": 55 } },
        "type": "binary-expr",
        "locations": [
          { "start": { "line": 15, "column": 10 }, "end": { "line": 15, "column": 30 } },
          { "start": { "line": 15, "column": 34 }, "end": { "line": 15, "column": 45 } },
          { "start": { "line": 15, "column": 45 }, "end": { "line": 15, "column": 55 } }
        ]
      },
      "2": {
        "loc": { "start": { "line": 24, "column": 4 }, "end": { "line": 24, "column": null } },
        "type": "if",
        "locations": [
          { "start": { "line": 24, "column": 4 }, "end": { "line": 24, "column": null } }
        ]
      }
    },
    "s": {
      "0": 0,
      "1": 0,
      "2": 0,
      "3": 0,
      "4": 0,
      "5": 0,
      "6": 0,
      "7": 0,
      "8": 0,
      "9": 0,
      "10": 0,
      "11": 0,
      "12": 0,
      "13": 0,
      "14": 0,
      "15": 0
    },
    "f": { "0": 0, "1": 0, "2": 0, "3": 0 },
    "b": { "0": [0], "1": [0, 0, 0], "2": [0] }
  },
  "/home/runner/work/itunes-music-app-next/itunes-music-app-next/lib/api/itunes.ts": {
    "path": "/home/runner/work/itunes-music-app-next/itunes-music-app-next/lib/api/itunes.ts",
    "statementMap": {
      "0": { "start": { "line": 29, "column": 0 }, "end": { "line": 29, "column": 15 } },
      "1": { "start": { "line": 1, "column": 37 }, "end": { "line": 1, "column": null } },
      "2": { "start": { "line": 7, "column": 8 }, "end": { "line": 12, "column": null } },
      "3": { "start": { "line": 16, "column": 8 }, "end": { "line": 22, "column": null } },
      "4": { "start": { "line": 17, "column": 29 }, "end": { "line": 17, "column": null } },
      "5": { "start": { "line": 18, "column": 12 }, "end": { "line": 18, "column": null } },
      "6": { "start": { "line": 20, "column": 12 }, "end": { "line": 20, "column": null } },
      "7": { "start": { "line": 21, "column": 12 }, "end": { "line": 21, "column": null } },
      "8": { "start": { "line": 28, "column": 24 }, "end": { "line": 28, "column": null } },
      "9": { "start": { "line": 29, "column": 15 }, "end": { "line": 29, "column": null } }
    },
    "fnMap": {
      "0": {
        "name": "(anonymous_2)",
        "decl": { "start": { "line": 6, "column": 4 }, "end": { "line": 6, "column": 16 } },
        "loc": { "start": { "line": 6, "column": 33 }, "end": { "line": 13, "column": null } }
      },
      "1": {
        "name": "(anonymous_3)",
        "decl": { "start": { "line": 15, "column": 4 }, "end": { "line": 15, "column": 10 } },
        "loc": { "start": { "line": 15, "column": 54 }, "end": { "line": 23, "column": null } }
      }
    },
    "branchMap": {
      "0": {
        "loc": { "start": { "line": 15, "column": 31 }, "end": { "line": 15, "column": 52 } },
        "type": "default-arg",
        "locations": [
          { "start": { "line": 15, "column": 40 }, "end": { "line": 15, "column": 52 } }
        ]
      }
    },
    "s": { "0": 0, "1": 0, "2": 0, "3": 0, "4": 0, "5": 0, "6": 0, "7": 0, "8": 0, "9": 0 },
    "f": { "0": 0, "1": 0 },
    "b": { "0": [0] }
  },
  "/home/runner/work/itunes-music-app-next/itunes-music-app-next/lib/redux/hooks.ts": {
    "path": "/home/runner/work/itunes-music-app-next/itunes-music-app-next/lib/redux/hooks.ts",
    "statementMap": {
      "0": { "start": { "line": 4, "column": 13 }, "end": { "line": 4, "column": 27 } },
      "1": { "start": { "line": 5, "column": 13 }, "end": { "line": 5, "column": 27 } },
      "2": { "start": { "line": 1, "column": 63 }, "end": { "line": 1, "column": null } },
      "3": { "start": { "line": 4, "column": 30 }, "end": { "line": 4, "column": null } },
      "4": { "start": { "line": 4, "column": 36 }, "end": { "line": 4, "column": null } },
      "5": { "start": { "line": 5, "column": 63 }, "end": { "line": 5, "column": 74 } }
    },
    "fnMap": {
      "0": {
        "name": "(anonymous_3)",
        "decl": { "start": { "line": 4, "column": 30 }, "end": { "line": 4, "column": 36 } },
        "loc": { "start": { "line": 4, "column": 36 }, "end": { "line": 4, "column": null } }
      }
    },
    "branchMap": {},
    "s": { "0": 5, "1": 0, "2": 1, "3": 1, "4": 5, "5": 1 },
    "f": { "0": 5 },
    "b": {}
  },
  "/home/runner/work/itunes-music-app-next/itunes-music-app-next/lib/redux/searchSlice.ts": {
    "path": "/home/runner/work/itunes-music-app-next/itunes-music-app-next/lib/redux/searchSlice.ts",
    "statementMap": {
      "0": { "start": { "line": 115, "column": 15 }, "end": { "line": 115, "column": 27 } },
      "1": { "start": { "line": 123, "column": 0 }, "end": { "line": 123, "column": 15 } },
      "2": { "start": { "line": 48, "column": 13 }, "end": { "line": 48, "column": 29 } },
      "3": { "start": { "line": 34, "column": 13 }, "end": { "line": 34, "column": 31 } },
      "4": { "start": { "line": 118, "column": 13 }, "end": { "line": 118, "column": 30 } },
      "5": { "start": { "line": 121, "column": 13 }, "end": { "line": 121, "column": 32 } },
      "6": { "start": { "line": 117, "column": 13 }, "end": { "line": 117, "column": 32 } },
      "7": { "start": { "line": 120, "column": 13 }, "end": { "line": 120, "column": 31 } },
      "8": { "start": { "line": 119, "column": 13 }, "end": { "line": 119, "column": 30 } },
      "9": { "start": { "line": 116, "column": 13 }, "end": { "line": 116, "column": 32 } },
      "10": { "start": { "line": 115, "column": 29 }, "end": { "line": 115, "column": 37 } },
      "11": { "start": { "line": 115, "column": 39 }, "end": { "line": 115, "column": 49 } },
      "12": { "start": { "line": 1, "column": 61 }, "end": { "line": 1, "column": null } },
      "13": { "start": { "line": 23, "column": 14 }, "end": { "line": 23, "column": null } },
      "14": { "start": { "line": 25, "column": 34 }, "end": { "line": 32, "column": null } },
      "15": { "start": { "line": 34, "column": 34 }, "end": { "line": 45, "column": null } },
      "16": { "start": { "line": 37, "column": 25 }, "end": { "line": 38, "column": null } },
      "17": { "start": { "line": 40, "column": 8 }, "end": { "line": 42, "column": null } },
      "18": { "start": { "line": 41, "column": 12 }, "end": { "line": 41, "column": null } },
      "19": { "start": { "line": 43, "column": 21 }, "end": { "line": 43, "column": null } },
      "20": { "start": { "line": 44, "column": 8 }, "end": { "line": 44, "column": null } },
      "21": { "start": { "line": 48, "column": 32 }, "end": { "line": 59, "column": null } },
      "22": { "start": { "line": 51, "column": 25 }, "end": { "line": 52, "column": null } },
      "23": { "start": { "line": 54, "column": 8 }, "end": { "line": 56, "column": null } },
      "24": { "start": { "line": 55, "column": 12 }, "end": { "line": 55, "column": null } },
      "25": { "start": { "line": 57, "column": 21 }, "end": { "line": 57, "column": null } },
      "26": { "start": { "line": 58, "column": 8 }, "end": { "line": 58, "column": null } },
      "27": { "start": { "line": 62, "column": 20 }, "end": { "line": 113, "column": null } },
      "28": { "start": { "line": 67, "column": 12 }, "end": { "line": 67, "column": null } },
      "29": { "start": { "line": 68, "column": 12 }, "end": { "line": 68, "column": null } },
      "30": { "start": { "line": 69, "column": 12 }, "end": { "line": 69, "column": null } },
      "31": { "start": { "line": 70, "column": 12 }, "end": { "line": 70, "column": null } },
      "32": { "start": { "line": 73, "column": 12 }, "end": { "line": 73, "column": null } },
      "33": { "start": { "line": 76, "column": 12 }, "end": { "line": 76, "column": null } },
      "34": { "start": { "line": 80, "column": 8 }, "end": { "line": 111, "column": null } },
      "35": { "start": { "line": 82, "column": 16 }, "end": { "line": 82, "column": null } },
      "36": { "start": { "line": 83, "column": 16 }, "end": { "line": 83, "column": null } },
      "37": { "start": { "line": 86, "column": 16 }, "end": { "line": 86, "column": null } },
      "38": { "start": { "line": 87, "column": 16 }, "end": { "line": 87, "column": null } },
      "39": { "start": { "line": 88, "column": 16 }, "end": { "line": 88, "column": null } },
      "40": { "start": { "line": 89, "column": 16 }, "end": { "line": 89, "column": null } },
      "41": { "start": { "line": 90, "column": 16 }, "end": { "line": 90, "column": null } },
      "42": { "start": { "line": 91, "column": 16 }, "end": { "line": 91, "column": null } },
      "43": { "start": { "line": 94, "column": 16 }, "end": { "line": 94, "column": null } },
      "44": { "start": { "line": 95, "column": 16 }, "end": { "line": 95, "column": null } },
      "45": { "start": { "line": 98, "column": 16 }, "end": { "line": 98, "column": null } },
      "46": { "start": { "line": 99, "column": 16 }, "end": { "line": 99, "column": null } },
      "47": { "start": { "line": 102, "column": 16 }, "end": { "line": 102, "column": null } },
      "48": { "start": { "line": 103, "column": 16 }, "end": { "line": 103, "column": null } },
      "49": { "start": { "line": 104, "column": 16 }, "end": { "line": 104, "column": null } },
      "50": { "start": { "line": 105, "column": 16 }, "end": { "line": 105, "column": null } },
      "51": { "start": { "line": 106, "column": 16 }, "end": { "line": 106, "column": null } },
      "52": { "start": { "line": 109, "column": 16 }, "end": { "line": 109, "column": null } },
      "53": { "start": { "line": 110, "column": 16 }, "end": { "line": 110, "column": null } },
      "54": { "start": { "line": 115, "column": 54 }, "end": { "line": 115, "column": 73 } },
      "55": { "start": { "line": 116, "column": 35 }, "end": { "line": 116, "column": 91 } },
      "56": { "start": { "line": 116, "column": 71 }, "end": { "line": 116, "column": 91 } },
      "57": { "start": { "line": 117, "column": 35 }, "end": { "line": 117, "column": 91 } },
      "58": { "start": { "line": 117, "column": 71 }, "end": { "line": 117, "column": 91 } },
      "59": { "start": { "line": 118, "column": 33 }, "end": { "line": 118, "column": 87 } },
      "60": { "start": { "line": 118, "column": 69 }, "end": { "line": 118, "column": 87 } },
      "61": { "start": { "line": 119, "column": 33 }, "end": { "line": 119, "column": 87 } },
      "62": { "start": { "line": 119, "column": 69 }, "end": { "line": 119, "column": 87 } },
      "63": { "start": { "line": 120, "column": 34 }, "end": { "line": 120, "column": 89 } },
      "64": { "start": { "line": 120, "column": 70 }, "end": { "line": 120, "column": 89 } },
      "65": { "start": { "line": 121, "column": 35 }, "end": { "line": 121, "column": 91 } },
      "66": { "start": { "line": 121, "column": 71 }, "end": { "line": 121, "column": 91 } },
      "67": { "start": { "line": 123, "column": 15 }, "end": { "line": 123, "column": 34 } }
    },
    "fnMap": {
      "0": {
        "name": "(anonymous_13)",
        "decl": { "start": { "line": 36, "column": 4 }, "end": { "line": 36, "column": 11 } },
        "loc": { "start": { "line": 36, "column": 11 }, "end": { "line": 45, "column": null } }
      },
      "1": {
        "name": "(anonymous_14)",
        "decl": { "start": { "line": 50, "column": 4 }, "end": { "line": 50, "column": 11 } },
        "loc": { "start": { "line": 50, "column": 63 }, "end": { "line": 59, "column": null } }
      },
      "2": {
        "name": "(anonymous_15)",
        "decl": { "start": { "line": 66, "column": 22 }, "end": { "line": 66, "column": 23 } },
        "loc": { "start": { "line": 66, "column": 23 }, "end": { "line": 71, "column": null } }
      },
      "3": {
        "name": "(anonymous_16)",
        "decl": { "start": { "line": 72, "column": 18 }, "end": { "line": 72, "column": 19 } },
        "loc": { "start": { "line": 72, "column": 26 }, "end": { "line": 74, "column": null } }
      },
      "4": {
        "name": "(anonymous_17)",
        "decl": { "start": { "line": 75, "column": 20 }, "end": { "line": 75, "column": 21 } },
        "loc": { "start": { "line": 75, "column": 28 }, "end": { "line": 77, "column": null } }
      },
      "5": {
        "name": "(anonymous_18)",
        "decl": { "start": { "line": 79, "column": 19 }, "end": { "line": 79, "column": 20 } },
        "loc": { "start": { "line": 79, "column": 20 }, "end": { "line": 112, "column": null } }
      },
      "6": {
        "name": "(anonymous_19)",
        "decl": { "start": { "line": 81, "column": 49 }, "end": { "line": 81, "column": 50 } },
        "loc": { "start": { "line": 81, "column": 50 }, "end": { "line": 84, "column": null } }
      },
      "7": {
        "name": "(anonymous_20)",
        "decl": { "start": { "line": 85, "column": 51 }, "end": { "line": 85, "column": 52 } },
        "loc": { "start": { "line": 85, "column": 59 }, "end": { "line": 92, "column": null } }
      },
      "8": {
        "name": "(anonymous_21)",
        "decl": { "start": { "line": 93, "column": 50 }, "end": { "line": 93, "column": 51 } },
        "loc": { "start": { "line": 93, "column": 58 }, "end": { "line": 96, "column": null } }
      },
      "9": {
        "name": "(anonymous_22)",
        "decl": { "start": { "line": 97, "column": 47 }, "end": { "line": 97, "column": 48 } },
        "loc": { "start": { "line": 97, "column": 48 }, "end": { "line": 100, "column": null } }
      },
      "10": {
        "name": "(anonymous_23)",
        "decl": { "start": { "line": 101, "column": 49 }, "end": { "line": 101, "column": 50 } },
        "loc": { "start": { "line": 101, "column": 57 }, "end": { "line": 107, "column": null } }
      },
      "11": {
        "name": "(anonymous_24)",
        "decl": { "start": { "line": 108, "column": 48 }, "end": { "line": 108, "column": 49 } },
        "loc": { "start": { "line": 108, "column": 56 }, "end": { "line": 111, "column": null } }
      },
      "12": {
        "name": "(anonymous_25)",
        "decl": { "start": { "line": 116, "column": 35 }, "end": { "line": 116, "column": 36 } },
        "loc": { "start": { "line": 116, "column": 71 }, "end": { "line": 116, "column": 91 } }
      },
      "13": {
        "name": "(anonymous_26)",
        "decl": { "start": { "line": 117, "column": 35 }, "end": { "line": 117, "column": 36 } },
        "loc": { "start": { "line": 117, "column": 71 }, "end": { "line": 117, "column": 91 } }
      },
      "14": {
        "name": "(anonymous_27)",
        "decl": { "start": { "line": 118, "column": 33 }, "end": { "line": 118, "column": 34 } },
        "loc": { "start": { "line": 118, "column": 69 }, "end": { "line": 118, "column": 87 } }
      },
      "15": {
        "name": "(anonymous_28)",
        "decl": { "start": { "line": 119, "column": 33 }, "end": { "line": 119, "column": 34 } },
        "loc": { "start": { "line": 119, "column": 69 }, "end": { "line": 119, "column": 87 } }
      },
      "16": {
        "name": "(anonymous_29)",
        "decl": { "start": { "line": 120, "column": 34 }, "end": { "line": 120, "column": 35 } },
        "loc": { "start": { "line": 120, "column": 70 }, "end": { "line": 120, "column": 89 } }
      },
      "17": {
        "name": "(anonymous_30)",
        "decl": { "start": { "line": 121, "column": 35 }, "end": { "line": 121, "column": 36 } },
        "loc": { "start": { "line": 121, "column": 71 }, "end": { "line": 121, "column": 91 } }
      }
    },
    "branchMap": {
      "0": {
        "loc": { "start": { "line": 40, "column": 8 }, "end": { "line": 42, "column": null } },
        "type": "if",
        "locations": [
          { "start": { "line": 40, "column": 8 }, "end": { "line": 42, "column": null } }
        ]
      },
      "1": {
        "loc": { "start": { "line": 54, "column": 8 }, "end": { "line": 56, "column": null } },
        "type": "if",
        "locations": [
          { "start": { "line": 54, "column": 8 }, "end": { "line": 56, "column": null } }
        ]
      },
      "2": {
        "loc": { "start": { "line": 95, "column": 30 }, "end": { "line": 95, "column": null } },
        "type": "binary-expr",
        "locations": [
          { "start": { "line": 95, "column": 30 }, "end": { "line": 95, "column": 50 } },
          { "start": { "line": 95, "column": 54 }, "end": { "line": 95, "column": null } }
        ]
      },
      "3": {
        "loc": { "start": { "line": 110, "column": 30 }, "end": { "line": 110, "column": null } },
        "type": "binary-expr",
        "locations": [
          { "start": { "line": 110, "column": 30 }, "end": { "line": 110, "column": 50 } },
          { "start": { "line": 110, "column": 54 }, "end": { "line": 110, "column": null } }
        ]
      }
    },
    "s": {
      "0": 2,
      "1": 10,
      "2": 0,
      "3": 2,
      "4": 0,
      "5": 0,
      "6": 0,
      "7": 0,
      "8": 0,
      "9": 0,
      "10": 1,
      "11": 2,
      "12": 3,
      "13": 3,
      "14": 3,
      "15": 3,
      "16": 1,
      "17": 0,
      "18": 0,
      "19": 0,
      "20": 0,
      "21": 3,
      "22": 0,
      "23": 0,
      "24": 0,
      "25": 0,
      "26": 0,
      "27": 3,
      "28": 2,
      "29": 2,
      "30": 2,
      "31": 2,
      "32": 1,
      "33": 2,
      "34": 3,
      "35": 2,
      "36": 2,
      "37": 0,
      "38": 0,
      "39": 0,
      "40": 0,
      "41": 0,
      "42": 0,
      "43": 1,
      "44": 1,
      "45": 0,
      "46": 0,
      "47": 0,
      "48": 0,
      "49": 0,
      "50": 0,
      "51": 0,
      "52": 0,
      "53": 0,
      "54": 3,
      "55": 3,
      "56": 0,
      "57": 3,
      "58": 0,
      "59": 3,
      "60": 0,
      "61": 3,
      "62": 0,
      "63": 3,
      "64": 0,
      "65": 3,
      "66": 0,
      "67": 3
    },
    "f": {
      "0": 1,
      "1": 0,
      "2": 2,
      "3": 1,
      "4": 2,
      "5": 3,
      "6": 2,
      "7": 0,
      "8": 1,
      "9": 0,
      "10": 0,
      "11": 0,
      "12": 0,
      "13": 0,
      "14": 0,
      "15": 0,
      "16": 0,
      "17": 0
    },
    "b": { "0": [0], "1": [0], "2": [1, 0], "3": [0, 0] }
  },
  "/home/runner/work/itunes-music-app-next/itunes-music-app-next/lib/redux/searchThunks.ts": {
    "path": "/home/runner/work/itunes-music-app-next/itunes-music-app-next/lib/redux/searchThunks.ts",
    "statementMap": {
      "0": { "start": { "line": 3, "column": 13 }, "end": { "line": 3, "column": 33 } },
      "1": { "start": { "line": 1, "column": 33 }, "end": { "line": 1, "column": null } },
      "2": { "start": { "line": 3, "column": 33 }, "end": { "line": 12, "column": null } },
      "3": { "start": { "line": 6, "column": 21 }, "end": { "line": 6, "column": null } },
      "4": { "start": { "line": 7, "column": 4 }, "end": { "line": 9, "column": null } },
      "5": { "start": { "line": 8, "column": 6 }, "end": { "line": 8, "column": null } },
      "6": { "start": { "line": 10, "column": 17 }, "end": { "line": 10, "column": null } },
      "7": { "start": { "line": 11, "column": 4 }, "end": { "line": 11, "column": null } }
    },
    "fnMap": {
      "0": {
        "name": "(anonymous_1)",
        "decl": { "start": { "line": 5, "column": 2 }, "end": { "line": 5, "column": 9 } },
        "loc": { "start": { "line": 5, "column": 9 }, "end": { "line": 12, "column": null } }
      }
    },
    "branchMap": {
      "0": {
        "loc": { "start": { "line": 7, "column": 4 }, "end": { "line": 9, "column": null } },
        "type": "if",
        "locations": [{ "start": { "line": 7, "column": 4 }, "end": { "line": 9, "column": null } }]
      }
    },
    "s": { "0": 0, "1": 0, "2": 0, "3": 0, "4": 0, "5": 0, "6": 0, "7": 0 },
    "f": { "0": 0 },
    "b": { "0": [0] }
  },
  "/home/runner/work/itunes-music-app-next/itunes-music-app-next/lib/redux/store.ts": {
    "path": "/home/runner/work/itunes-music-app-next/itunes-music-app-next/lib/redux/store.ts",
    "statementMap": {
      "0": { "start": { "line": 4, "column": 13 }, "end": { "line": 4, "column": 21 } },
      "1": { "start": { "line": 1, "column": 31 }, "end": { "line": 1, "column": null } },
      "2": { "start": { "line": 2, "column": 26 }, "end": { "line": 2, "column": null } },
      "3": { "start": { "line": 4, "column": 21 }, "end": { "line": 8, "column": null } }
    },
    "fnMap": {},
    "branchMap": {},
    "s": { "0": 0, "1": 0, "2": 0, "3": 0 },
    "f": {},
    "b": {}
  }
}
