TN:
SF:.prettierrc.js
FNF:0
FNH:0
DA:1,0
LF:1
LH:0
BRF:0
BRH:0
end_of_record
TN:
SF:app/layout.tsx
FN:10,RootLayout
FNF:1
FNH:0
FNDA:0,RootLayout
DA:2,0
DA:3,0
DA:5,0
DA:10,0
LF:4
LH:0
BRF:0
BRH:0
end_of_record
TN:
SF:app/page.tsx
FN:16,Home
FNF:1
FNH:0
FNDA:0,Home
DA:3,0
DA:4,0
DA:5,0
DA:6,0
DA:11,0
DA:12,0
DA:13,0
DA:14,0
DA:16,0
DA:17,0
DA:18,0
DA:19,0
LF:12
LH:0
BRDA:38,0,0,0
BRDA:38,0,1,0
BRDA:39,1,0,0
BRDA:40,2,0,0
BRDA:40,2,1,0
BRDA:40,2,2,0
BRDA:40,2,3,0
BRDA:41,3,0,0
BRDA:41,3,1,0
BRDA:41,3,2,0
BRDA:41,3,3,0
BRF:11
BRH:0
end_of_record
TN:
SF:app/providers.tsx
FN:6,Providers
FNF:1
FNH:0
FNDA:0,Providers
DA:3,0
DA:4,0
DA:6,0
LF:3
LH:0
BRF:0
BRH:0
end_of_record
TN:
SF:app/api/itunes/route.ts
FN:3,GET
FNF:1
FNH:0
FNDA:0,GET
DA:1,0
DA:3,0
DA:4,0
DA:5,0
DA:6,0
DA:7,0
DA:9,0
DA:10,0
DA:18,0
DA:19,0
DA:23,0
DA:24,0
DA:27,0
DA:28,0
DA:30,0
DA:31,0
LF:16
LH:0
BRDA:6,0,0,0
BRDA:6,0,1,0
BRDA:7,1,0,0
BRDA:7,1,1,0
BRDA:9,2,0,0
BRDA:23,3,0,0
BRF:6
BRH:0
end_of_record
TN:
SF:app/api/search/route.ts
FN:3,GET
FNF:1
FNH:0
FNDA:0,GET
DA:1,0
DA:3,0
DA:4,0
DA:5,0
DA:6,0
DA:7,0
DA:9,0
DA:10,0
DA:16,0
DA:18,0
DA:19,0
DA:21,0
DA:27,0
DA:28,0
DA:29,0
DA:30,0
DA:33,0
DA:34,0
DA:35,0
DA:36,0
DA:39,0
DA:40,0
DA:41,0
LF:23
LH:0
BRDA:6,0,0,0
BRDA:6,0,1,0
BRDA:7,1,0,0
BRDA:7,1,1,0
BRDA:9,2,0,0
BRDA:27,3,0,0
BRDA:34,4,0,0
BRDA:34,4,1,0
BRDA:39,5,0,0
BRDA:39,5,1,0
BRF:10
BRH:0
end_of_record
TN:
SF:components/EmptyState.tsx
FN:5,(anonymous_2)
FNF:1
FNH:1
FNDA:2,(anonymous_2)
DA:3,1
DA:5,1
DA:30,2
LF:3
LH:3
BRF:0
BRH:0
end_of_record
TN:
SF:components/ErrorMessage.tsx
FN:9,(anonymous_2)
FNF:1
FNH:1
FNDA:2,(anonymous_2)
DA:3,1
DA:9,1
DA:35,2
LF:3
LH:3
BRF:0
BRH:0
end_of_record
TN:
SF:components/InfiniteScrollLoader.tsx
FN:11,(anonymous_2)
FNF:1
FNH:0
FNDA:0,(anonymous_2)
DA:3,0
DA:10,0
DA:12,0
DA:30,0
DA:32,0
LF:5
LH:0
BRDA:12,0,0,0
BRDA:12,1,0,0
BRDA:12,1,1,0
BRDA:16,2,0,0
BRF:4
BRH:0
end_of_record
TN:
SF:components/LoadingSpinner.tsx
FN:5,(anonymous_2)
FNF:1
FNH:0
FNDA:0,(anonymous_2)
DA:3,0
DA:5,0
DA:13,0
LF:3
LH:0
BRF:0
BRH:0
end_of_record
TN:
SF:components/ResultCard.tsx
FN:17,(anonymous_2)
FNF:1
FNH:0
FNDA:0,(anonymous_2)
DA:3,0
DA:4,0
DA:17,0
DA:18,0
DA:43,0
LF:5
LH:0
BRDA:18,0,0,0
BRDA:18,0,1,0
BRDA:22,1,0,0
BRDA:25,2,0,0
BRDA:25,2,1,0
BRDA:29,3,0,0
BRDA:32,4,0,0
BRDA:35,5,0,0
BRDA:38,6,0,0
BRF:9
BRH:0
end_of_record
TN:
SF:components/ResultsList.tsx
FN:17,ResultsList
FN:25,(anonymous_6)
FN:40,(anonymous_7)
FNF:3
FNH:0
FNDA:0,ResultsList
FNDA:0,(anonymous_6)
FNDA:0,(anonymous_7)
DA:3,0
DA:4,0
DA:12,0
DA:13,0
DA:14,0
DA:15,0
DA:17,0
DA:18,0
DA:19,0
DA:20,0
DA:21,0
DA:22,0
DA:23,0
DA:25,0
DA:26,0
DA:27,0
DA:31,0
DA:41,0
LF:18
LH:0
BRDA:26,0,0,0
BRDA:26,1,0,0
BRDA:26,1,1,0
BRDA:26,1,2,0
BRDA:42,2,0,0
BRDA:42,2,1,0
BRDA:42,2,2,0
BRF:7
BRH:0
end_of_record
TN:
SF:components/SearchForm.tsx
FN:11,SearchForm
FN:15,(anonymous_5)
FN:29,(anonymous_6)
FNF:3
FNH:3
FNDA:5,SearchForm
FNDA:1,(anonymous_5)
FNDA:2,(anonymous_6)
DA:3,1
DA:4,1
DA:5,1
DA:11,3
DA:12,5
DA:13,5
DA:15,5
DA:16,1
DA:17,1
DA:18,1
DA:19,1
DA:29,2
LF:12
LH:12
BRDA:11,0,0,0
BRDA:17,1,0,1
BRF:2
BRH:1
end_of_record
TN:
SF:hooks/useInfiniteScroll.ts
FN:9,useInfiniteScroll
FN:13,(anonymous_2)
FN:22,(anonymous_3)
FN:29,(anonymous_4)
FNF:4
FNH:0
FNDA:0,useInfiniteScroll
FNDA:0,(anonymous_2)
FNDA:0,(anonymous_3)
FNDA:0,(anonymous_4)
DA:1,0
DA:9,0
DA:10,0
DA:12,0
DA:14,0
DA:15,0
DA:16,0
DA:22,0
DA:23,0
DA:24,0
DA:26,0
DA:27,0
DA:29,0
DA:32,0
LF:14
LH:0
BRDA:15,0,0,0
BRDA:15,1,0,0
BRDA:15,1,1,0
BRDA:15,1,2,0
BRDA:24,2,0,0
BRF:5
BRH:0
end_of_record
TN:
SF:lib/api/itunes.ts
FN:6,(anonymous_2)
FN:15,(anonymous_3)
FNF:2
FNH:0
FNDA:0,(anonymous_2)
FNDA:0,(anonymous_3)
DA:1,0
DA:7,0
DA:16,0
DA:17,0
DA:18,0
DA:20,0
DA:21,0
DA:28,0
DA:29,0
LF:9
LH:0
BRDA:15,0,0,0
BRF:1
BRH:0
end_of_record
TN:
SF:lib/redux/hooks.ts
FN:4,(anonymous_3)
FNF:1
FNH:1
FNDA:5,(anonymous_3)
DA:1,1
DA:4,5
DA:5,1
LF:3
LH:3
BRF:0
BRH:0
end_of_record
TN:
SF:lib/redux/searchSlice.ts
FN:36,(anonymous_13)
FN:50,(anonymous_14)
FN:66,(anonymous_15)
FN:72,(anonymous_16)
FN:75,(anonymous_17)
FN:79,(anonymous_18)
FN:81,(anonymous_19)
FN:85,(anonymous_20)
FN:93,(anonymous_21)
FN:97,(anonymous_22)
FN:101,(anonymous_23)
FN:108,(anonymous_24)
FN:116,(anonymous_25)
FN:117,(anonymous_26)
FN:118,(anonymous_27)
FN:119,(anonymous_28)
FN:120,(anonymous_29)
FN:121,(anonymous_30)
FNF:18
FNH:7
FNDA:1,(anonymous_13)
FNDA:0,(anonymous_14)
FNDA:2,(anonymous_15)
FNDA:1,(anonymous_16)
FNDA:2,(anonymous_17)
FNDA:3,(anonymous_18)
FNDA:2,(anonymous_19)
FNDA:0,(anonymous_20)
FNDA:1,(anonymous_21)
FNDA:0,(anonymous_22)
FNDA:0,(anonymous_23)
FNDA:0,(anonymous_24)
FNDA:0,(anonymous_25)
FNDA:0,(anonymous_26)
FNDA:0,(anonymous_27)
FNDA:0,(anonymous_28)
FNDA:0,(anonymous_29)
FNDA:0,(anonymous_30)
DA:1,3
DA:23,3
DA:25,3
DA:34,3
DA:37,1
DA:40,0
DA:41,0
DA:43,0
DA:44,0
DA:48,3
DA:51,0
DA:54,0
DA:55,0
DA:57,0
DA:58,0
DA:62,3
DA:67,2
DA:68,2
DA:69,2
DA:70,2
DA:73,1
DA:76,2
DA:80,3
DA:82,2
DA:83,2
DA:86,0
DA:87,0
DA:88,0
DA:89,0
DA:90,0
DA:91,0
DA:94,1
DA:95,1
DA:98,0
DA:99,0
DA:102,0
DA:103,0
DA:104,0
DA:105,0
DA:106,0
DA:109,0
DA:110,0
DA:115,3
DA:116,3
DA:117,3
DA:118,3
DA:119,3
DA:120,3
DA:121,3
DA:123,10
LF:50
LH:26
BRDA:40,0,0,0
BRDA:54,1,0,0
BRDA:95,2,0,1
BRDA:95,2,1,0
BRDA:110,3,0,0
BRDA:110,3,1,0
BRF:6
BRH:1
end_of_record
TN:
SF:lib/redux/searchThunks.ts
FN:5,(anonymous_1)
FNF:1
FNH:0
FNDA:0,(anonymous_1)
DA:1,0
DA:3,0
DA:6,0
DA:7,0
DA:8,0
DA:10,0
DA:11,0
LF:7
LH:0
BRDA:7,0,0,0
BRF:1
BRH:0
end_of_record
TN:
SF:lib/redux/store.ts
FNF:0
FNH:0
DA:1,0
DA:2,0
DA:4,0
LF:3
LH:0
BRF:0
BRH:0
end_of_record
